Build started 4/25/2015 5:25:50 PM.
Project "\\psf\Home\Documents\STim-Reloaded\Game_1\Game_1.vcxproj" on node 2 (Build target(s)).
ClCompile:
  C:\Program Files\Microsoft Visual Studio 12.0\VC\bin\CL.exe /c /I"\\psf\Home\Documents\STim-Reloaded\Game_1" /ZI /nologo /W3 /WX- /Od /Oy- /D WIN32 /D _DEBUG /D _CONSOLE /D _LIB /D _UNICODE /D UNICODE /Gm /EHsc /RTC1 /MDd /GS /fp:precise /Zc:wchar_t /Zc:forScope /Fo"Debug\\" /Fd"Debug\vc120.pdb" /Gd /TC /analyze- /errorReport:prompt Graphics.c
  Graphics.c
\\psf\home\documents\stim-reloaded\game_1\graphics.c(164): warning C4244: 'function' : conversion from 'time_t' to 'unsigned int', possible loss of data
\\psf\home\documents\stim-reloaded\game_1\graphics.c(205): warning C4996: 'getch': The POSIX name for this item is deprecated. Instead, use the ISO C++ conformant name: _getch. See online help for details.
          c:\program files\microsoft visual studio 12.0\vc\include\conio.h(131) : see declaration of 'getch'
\\psf\home\documents\stim-reloaded\game_1\graphics.c(227): warning C4013: 'addItem' undefined; assuming extern returning int
\\psf\home\documents\stim-reloaded\game_1\graphics.c(242): warning C4244: 'function' : conversion from 'time_t' to 'unsigned int', possible loss of data
\\psf\home\documents\stim-reloaded\game_1\graphics.c(246): warning C4047: '=' : 'char' differs in levels of indirection from 'void *'
\\psf\home\documents\stim-reloaded\game_1\graphics.c(253): warning C4047: 'function' : 'Enemy' differs in levels of indirection from 'Enemy *'
\\psf\home\documents\stim-reloaded\game_1\graphics.c(253): warning C4024: 'updateEnemyPosition' : different types for formal and actual parameter 1
\\psf\home\documents\stim-reloaded\game_1\graphics.c(257): warning C4020: 'moveSalesman' : too many actual parameters
\\psf\home\documents\stim-reloaded\game_1\graphics.c(264): warning C4996: 'getch': The POSIX name for this item is deprecated. Instead, use the ISO C++ conformant name: _getch. See online help for details.
          c:\program files\microsoft visual studio 12.0\vc\include\conio.h(131) : see declaration of 'getch'
\\psf\home\documents\stim-reloaded\game_1\graphics.c(276): warning C4020: 'moveSalesman' : too many actual parameters
\\psf\home\documents\stim-reloaded\game_1\graphics.c(277): warning C4047: 'function' : 'Enemy' differs in levels of indirection from 'Enemy *'
\\psf\home\documents\stim-reloaded\game_1\graphics.c(277): warning C4024: 'updateEnemyPosition' : different types for formal and actual parameter 1
\\psf\home\documents\stim-reloaded\game_1\graphics.c(288): warning C4047: '=' : 'char' differs in levels of indirection from 'void *'
\\psf\home\documents\stim-reloaded\game_1\graphics.c(306): warning C4047: '=' : 'char' differs in levels of indirection from 'void *'
\\psf\home\documents\stim-reloaded\game_1\graphics.c(322): warning C4996: 'sprintf': This function or variable may be unsafe. Consider using sprintf_s instead. To disable deprecation, use _CRT_SECURE_NO_WARNINGS. See online help for details.
          c:\program files\microsoft visual studio 12.0\vc\include\stdio.h(356) : see declaration of 'sprintf'
\\psf\home\documents\stim-reloaded\game_1\graphics.c(323): warning C4018: '<' : signed/unsigned mismatch
\\psf\home\documents\stim-reloaded\game_1\graphics.c(326): warning C4996: 'sprintf': This function or variable may be unsafe. Consider using sprintf_s instead. To disable deprecation, use _CRT_SECURE_NO_WARNINGS. See online help for details.
          c:\program files\microsoft visual studio 12.0\vc\include\stdio.h(356) : see declaration of 'sprintf'
\\psf\home\documents\stim-reloaded\game_1\graphics.c(327): warning C4018: '<' : signed/unsigned mismatch
\\psf\home\documents\stim-reloaded\game_1\graphics.c(339): warning C4996: 'getch': The POSIX name for this item is deprecated. Instead, use the ISO C++ conformant name: _getch. See online help for details.
          c:\program files\microsoft visual studio 12.0\vc\include\conio.h(131) : see declaration of 'getch'
\\psf\home\documents\stim-reloaded\game_1\graphics.c(300): warning C4101: 'k' : unreferenced local variable
\\psf\home\documents\stim-reloaded\game_1\graphics.c(391): warning C4098: 'setWindow' : 'void' function returning a value
\\psf\home\documents\stim-reloaded\game_1\graphics.c(418): warning C4013: 'lv1_pick_monster' undefined; assuming extern returning int
\\psf\home\documents\stim-reloaded\game_1\graphics.c(418): warning C4047: '=' : 'Enemy' differs in levels of indirection from 'int'
\\psf\home\documents\stim-reloaded\game_1\graphics.c(437): warning C4028: formal parameter 1 different from declaration
\\psf\home\documents\stim-reloaded\game_1\graphics.c(531): warning C4047: '!=' : 'int' differs in levels of indirection from 'void *'
\\psf\home\documents\stim-reloaded\game_1\graphics.c(533): warning C4047: '!=' : 'int' differs in levels of indirection from 'void *'
\\psf\home\documents\stim-reloaded\game_1\graphics.c(565): warning C4047: '=' : 'char' differs in levels of indirection from 'void *'
\\psf\home\documents\stim-reloaded\game_1\graphics.c(611): warning C4047: '!=' : 'int' differs in levels of indirection from 'void *'
\\psf\home\documents\stim-reloaded\game_1\graphics.c(612): warning C4047: '!=' : 'int' differs in levels of indirection from 'void *'
\\psf\home\documents\stim-reloaded\game_1\graphics.c(622): warning C4047: '!=' : 'int' differs in levels of indirection from 'void *'
\\psf\home\documents\stim-reloaded\game_1\graphics.c(634): warning C4996: 'sprintf': This function or variable may be unsafe. Consider using sprintf_s instead. To disable deprecation, use _CRT_SECURE_NO_WARNINGS. See online help for details.
          c:\program files\microsoft visual studio 12.0\vc\include\stdio.h(356) : see declaration of 'sprintf'
\\psf\home\documents\stim-reloaded\game_1\graphics.c(635): warning C4018: '<' : signed/unsigned mismatch
\\psf\home\documents\stim-reloaded\game_1\graphics.c(643): warning C4047: '!=' : 'int' differs in levels of indirection from 'void *'
\\psf\home\documents\stim-reloaded\game_1\graphics.c(644): warning C4047: '!=' : 'int' differs in levels of indirection from 'void *'
\\psf\home\documents\stim-reloaded\game_1\graphics.c(653): warning C4018: '<' : signed/unsigned mismatch
\\psf\home\documents\stim-reloaded\game_1\graphics.c(657): warning C4013: 'encounter' undefined; assuming extern returning int
\\psf\home\documents\stim-reloaded\game_1\graphics.c(578): warning C4101: 'k' : unreferenced local variable
\\psf\home\documents\stim-reloaded\game_1\graphics.c(670): warning C4996: 'fopen': This function or variable may be unsafe. Consider using fopen_s instead. To disable deprecation, use _CRT_SECURE_NO_WARNINGS. See online help for details.
          c:\program files\microsoft visual studio 12.0\vc\include\stdio.h(211) : see declaration of 'fopen'
\\psf\home\documents\stim-reloaded\game_1\graphics.c(675): warning C4996: 'fscanf': This function or variable may be unsafe. Consider using fscanf_s instead. To disable deprecation, use _CRT_SECURE_NO_WARNINGS. See online help for details.
          c:\program files\microsoft visual studio 12.0\vc\include\stdio.h(230) : see declaration of 'fscanf'
\\psf\home\documents\stim-reloaded\game_1\graphics.c(688): warning C4047: '=' : 'char' differs in levels of indirection from 'void *'
\\psf\home\documents\stim-reloaded\game_1\graphics.c(689): warning C4996: 'fscanf': This function or variable may be unsafe. Consider using fscanf_s instead. To disable deprecation, use _CRT_SECURE_NO_WARNINGS. See online help for details.
          c:\program files\microsoft visual studio 12.0\vc\include\stdio.h(230) : see declaration of 'fscanf'
\\psf\home\documents\stim-reloaded\game_1\graphics.c(690): warning C4996: 'fscanf': This function or variable may be unsafe. Consider using fscanf_s instead. To disable deprecation, use _CRT_SECURE_NO_WARNINGS. See online help for details.
          c:\program files\microsoft visual studio 12.0\vc\include\stdio.h(230) : see declaration of 'fscanf'
\\psf\home\documents\stim-reloaded\game_1\graphics.c(663): warning C4101: 'k' : unreferenced local variable
\\psf\home\documents\stim-reloaded\game_1\graphics.c(663): warning C4101: 'l' : unreferenced local variable
\\psf\home\documents\stim-reloaded\game_1\graphics.c(665): warning C4101: 'tempChar' : unreferenced local variable
\\psf\home\documents\stim-reloaded\game_1\graphics.c(714): warning C4029: declared formal parameter list different from definition
\\psf\home\documents\stim-reloaded\game_1\graphics.c(747): warning C4996: 'getch': The POSIX name for this item is deprecated. Instead, use the ISO C++ conformant name: _getch. See online help for details.
          c:\program files\microsoft visual studio 12.0\vc\include\conio.h(131) : see declaration of 'getch'
\\psf\home\documents\stim-reloaded\game_1\graphics.c(808): warning C4996: 'sprintf': This function or variable may be unsafe. Consider using sprintf_s instead. To disable deprecation, use _CRT_SECURE_NO_WARNINGS. See online help for details.
          c:\program files\microsoft visual studio 12.0\vc\include\stdio.h(356) : see declaration of 'sprintf'
\\psf\home\documents\stim-reloaded\game_1\graphics.c(809): warning C4018: '<' : signed/unsigned mismatch
\\psf\home\documents\stim-reloaded\game_1\graphics.c(814): warning C4996: 'sprintf': This function or variable may be unsafe. Consider using sprintf_s instead. To disable deprecation, use _CRT_SECURE_NO_WARNINGS. See online help for details.
          c:\program files\microsoft visual studio 12.0\vc\include\stdio.h(356) : see declaration of 'sprintf'
\\psf\home\documents\stim-reloaded\game_1\graphics.c(815): warning C4018: '<' : signed/unsigned mismatch
\\psf\home\documents\stim-reloaded\game_1\graphics.c(820): warning C4996: 'sprintf': This function or variable may be unsafe. Consider using sprintf_s instead. To disable deprecation, use _CRT_SECURE_NO_WARNINGS. See online help for details.
          c:\program files\microsoft visual studio 12.0\vc\include\stdio.h(356) : see declaration of 'sprintf'
\\psf\home\documents\stim-reloaded\game_1\graphics.c(821): warning C4018: '<' : signed/unsigned mismatch
\\psf\home\documents\stim-reloaded\game_1\graphics.c(839): warning C4996: 'getch': The POSIX name for this item is deprecated. Instead, use the ISO C++ conformant name: _getch. See online help for details.
          c:\program files\microsoft visual studio 12.0\vc\include\conio.h(131) : see declaration of 'getch'
\\psf\home\documents\stim-reloaded\game_1\graphics.c(772): warning C4101: 'k' : unreferenced local variable
\\psf\home\documents\stim-reloaded\game_1\graphics.c(920): warning C4996: 'sprintf': This function or variable may be unsafe. Consider using sprintf_s instead. To disable deprecation, use _CRT_SECURE_NO_WARNINGS. See online help for details.
          c:\program files\microsoft visual studio 12.0\vc\include\stdio.h(356) : see declaration of 'sprintf'
\\psf\home\documents\stim-reloaded\game_1\graphics.c(926): warning C4996: 'sprintf': This function or variable may be unsafe. Consider using sprintf_s instead. To disable deprecation, use _CRT_SECURE_NO_WARNINGS. See online help for details.
          c:\program files\microsoft visual studio 12.0\vc\include\stdio.h(356) : see declaration of 'sprintf'
\\psf\home\documents\stim-reloaded\game_1\graphics.c(939): warning C4996: 'sprintf': This function or variable may be unsafe. Consider using sprintf_s instead. To disable deprecation, use _CRT_SECURE_NO_WARNINGS. See online help for details.
          c:\program files\microsoft visual studio 12.0\vc\include\stdio.h(356) : see declaration of 'sprintf'
\\psf\home\documents\stim-reloaded\game_1\graphics.c(942): warning C4996: 'sprintf': This function or variable may be unsafe. Consider using sprintf_s instead. To disable deprecation, use _CRT_SECURE_NO_WARNINGS. See online help for details.
          c:\program files\microsoft visual studio 12.0\vc\include\stdio.h(356) : see declaration of 'sprintf'
\\psf\home\documents\stim-reloaded\game_1\graphics.c(947): warning C4047: '!=' : 'int' differs in levels of indirection from 'void *'
\\psf\home\documents\stim-reloaded\game_1\graphics.c(964): warning C4996: 'getch': The POSIX name for this item is deprecated. Instead, use the ISO C++ conformant name: _getch. See online help for details.
          c:\program files\microsoft visual studio 12.0\vc\include\conio.h(131) : see declaration of 'getch'
\\psf\home\documents\stim-reloaded\game_1\graphics.c(973): warning C4996: 'getch': The POSIX name for this item is deprecated. Instead, use the ISO C++ conformant name: _getch. See online help for details.
          c:\program files\microsoft visual studio 12.0\vc\include\conio.h(131) : see declaration of 'getch'
\\psf\home\documents\stim-reloaded\game_1\graphics.c(1094): warning C4996: 'sprintf': This function or variable may be unsafe. Consider using sprintf_s instead. To disable deprecation, use _CRT_SECURE_NO_WARNINGS. See online help for details.
          c:\program files\microsoft visual studio 12.0\vc\include\stdio.h(356) : see declaration of 'sprintf'
\\psf\home\documents\stim-reloaded\game_1\graphics.c(1095): warning C4018: '<' : signed/unsigned mismatch
\\psf\home\documents\stim-reloaded\game_1\graphics.c(1102): warning C4996: 'sprintf': This function or variable may be unsafe. Consider using sprintf_s instead. To disable deprecation, use _CRT_SECURE_NO_WARNINGS. See online help for details.
          c:\program files\microsoft visual studio 12.0\vc\include\stdio.h(356) : see declaration of 'sprintf'
\\psf\home\documents\stim-reloaded\game_1\graphics.c(1103): warning C4018: '<' : signed/unsigned mismatch
\\psf\home\documents\stim-reloaded\game_1\graphics.c(1110): warning C4996: 'sprintf': This function or variable may be unsafe. Consider using sprintf_s instead. To disable deprecation, use _CRT_SECURE_NO_WARNINGS. See online help for details.
          c:\program files\microsoft visual studio 12.0\vc\include\stdio.h(356) : see declaration of 'sprintf'
\\psf\home\documents\stim-reloaded\game_1\graphics.c(1111): warning C4018: '<' : signed/unsigned mismatch
\\psf\home\documents\stim-reloaded\game_1\graphics.c(1118): warning C4996: 'sprintf': This function or variable may be unsafe. Consider using sprintf_s instead. To disable deprecation, use _CRT_SECURE_NO_WARNINGS. See online help for details.
          c:\program files\microsoft visual studio 12.0\vc\include\stdio.h(356) : see declaration of 'sprintf'
\\psf\home\documents\stim-reloaded\game_1\graphics.c(1119): warning C4018: '<' : signed/unsigned mismatch
\\psf\home\documents\stim-reloaded\game_1\graphics.c(1126): warning C4996: 'sprintf': This function or variable may be unsafe. Consider using sprintf_s instead. To disable deprecation, use _CRT_SECURE_NO_WARNINGS. See online help for details.
          c:\program files\microsoft visual studio 12.0\vc\include\stdio.h(356) : see declaration of 'sprintf'
\\psf\home\documents\stim-reloaded\game_1\graphics.c(1127): warning C4018: '<' : signed/unsigned mismatch
\\psf\home\documents\stim-reloaded\game_1\graphics.c(1133): warning C4996: 'sprintf': This function or variable may be unsafe. Consider using sprintf_s instead. To disable deprecation, use _CRT_SECURE_NO_WARNINGS. See online help for details.
          c:\program files\microsoft visual studio 12.0\vc\include\stdio.h(356) : see declaration of 'sprintf'
\\psf\home\documents\stim-reloaded\game_1\graphics.c(1134): warning C4018: '<' : signed/unsigned mismatch
\\psf\home\documents\stim-reloaded\game_1\graphics.c(1141): warning C4996: 'sprintf': This function or variable may be unsafe. Consider using sprintf_s instead. To disable deprecation, use _CRT_SECURE_NO_WARNINGS. See online help for details.
          c:\program files\microsoft visual studio 12.0\vc\include\stdio.h(356) : see declaration of 'sprintf'
\\psf\home\documents\stim-reloaded\game_1\graphics.c(1142): warning C4018: '<' : signed/unsigned mismatch
\\psf\home\documents\stim-reloaded\game_1\graphics.c(1149): warning C4996: 'sprintf': This function or variable may be unsafe. Consider using sprintf_s instead. To disable deprecation, use _CRT_SECURE_NO_WARNINGS. See online help for details.
          c:\program files\microsoft visual studio 12.0\vc\include\stdio.h(356) : see declaration of 'sprintf'
\\psf\home\documents\stim-reloaded\game_1\graphics.c(1150): warning C4018: '<' : signed/unsigned mismatch
\\psf\home\documents\stim-reloaded\game_1\graphics.c(1157): warning C4996: 'sprintf': This function or variable may be unsafe. Consider using sprintf_s instead. To disable deprecation, use _CRT_SECURE_NO_WARNINGS. See online help for details.
          c:\program files\microsoft visual studio 12.0\vc\include\stdio.h(356) : see declaration of 'sprintf'
\\psf\home\documents\stim-reloaded\game_1\graphics.c(1158): warning C4018: '<' : signed/unsigned mismatch
\\psf\home\documents\stim-reloaded\game_1\graphics.c(1162): warning C4996: 'sprintf': This function or variable may be unsafe. Consider using sprintf_s instead. To disable deprecation, use _CRT_SECURE_NO_WARNINGS. See online help for details.
          c:\program files\microsoft visual studio 12.0\vc\include\stdio.h(356) : see declaration of 'sprintf'
\\psf\home\documents\stim-reloaded\game_1\graphics.c(1163): warning C4018: '<' : signed/unsigned mismatch
\\psf\home\documents\stim-reloaded\game_1\graphics.c(1172): warning C4047: '==' : 'int' differs in levels of indirection from 'void *'
\\psf\home\documents\stim-reloaded\game_1\graphics.c(1179): warning C4996: 'sprintf': This function or variable may be unsafe. Consider using sprintf_s instead. To disable deprecation, use _CRT_SECURE_NO_WARNINGS. See online help for details.
          c:\program files\microsoft visual studio 12.0\vc\include\stdio.h(356) : see declaration of 'sprintf'
\\psf\home\documents\stim-reloaded\game_1\graphics.c(1180): warning C4018: '<' : signed/unsigned mismatch
\\psf\home\documents\stim-reloaded\game_1\graphics.c(1189): warning C4996: 'sprintf': This function or variable may be unsafe. Consider using sprintf_s instead. To disable deprecation, use _CRT_SECURE_NO_WARNINGS. See online help for details.
          c:\program files\microsoft visual studio 12.0\vc\include\stdio.h(356) : see declaration of 'sprintf'
\\psf\home\documents\stim-reloaded\game_1\graphics.c(1190): warning C4018: '<' : signed/unsigned mismatch
\\psf\home\documents\stim-reloaded\game_1\graphics.c(1194): warning C4996: 'sprintf': This function or variable may be unsafe. Consider using sprintf_s instead. To disable deprecation, use _CRT_SECURE_NO_WARNINGS. See online help for details.
          c:\program files\microsoft visual studio 12.0\vc\include\stdio.h(356) : see declaration of 'sprintf'
\\psf\home\documents\stim-reloaded\game_1\graphics.c(1195): warning C4018: '<' : signed/unsigned mismatch
\\psf\home\documents\stim-reloaded\game_1\graphics.c(1204): warning C4047: '==' : 'int' differs in levels of indirection from 'void *'
\\psf\home\documents\stim-reloaded\game_1\graphics.c(1214): warning C4996: 'sprintf': This function or variable may be unsafe. Consider using sprintf_s instead. To disable deprecation, use _CRT_SECURE_NO_WARNINGS. See online help for details.
          c:\program files\microsoft visual studio 12.0\vc\include\stdio.h(356) : see declaration of 'sprintf'
\\psf\home\documents\stim-reloaded\game_1\graphics.c(1215): warning C4018: '<' : signed/unsigned mismatch
\\psf\home\documents\stim-reloaded\game_1\graphics.c(1222): warning C4996: 'sprintf': This function or variable may be unsafe. Consider using sprintf_s instead. To disable deprecation, use _CRT_SECURE_NO_WARNINGS. See online help for details.
          c:\program files\microsoft visual studio 12.0\vc\include\stdio.h(356) : see declaration of 'sprintf'
\\psf\home\documents\stim-reloaded\game_1\graphics.c(1223): warning C4018: '<' : signed/unsigned mismatch
\\psf\home\documents\stim-reloaded\game_1\graphics.c(1230): warning C4996: 'sprintf': This function or variable may be unsafe. Consider using sprintf_s instead. To disable deprecation, use _CRT_SECURE_NO_WARNINGS. See online help for details.
          c:\program files\microsoft visual studio 12.0\vc\include\stdio.h(356) : see declaration of 'sprintf'
\\psf\home\documents\stim-reloaded\game_1\graphics.c(1231): warning C4018: '<' : signed/unsigned mismatch
\\psf\home\documents\stim-reloaded\game_1\graphics.c(1240): warning C4996: 'sprintf': This function or variable may be unsafe. Consider using sprintf_s instead. To disable deprecation, use _CRT_SECURE_NO_WARNINGS. See online help for details.
          c:\program files\microsoft visual studio 12.0\vc\include\stdio.h(356) : see declaration of 'sprintf'
\\psf\home\documents\stim-reloaded\game_1\graphics.c(1241): warning C4018: '<' : signed/unsigned mismatch
\\psf\home\documents\stim-reloaded\game_1\graphics.c(1245): warning C4996: 'sprintf': This function or variable may be unsafe. Consider using sprintf_s instead. To disable deprecation, use _CRT_SECURE_NO_WARNINGS. See online help for details.
          c:\program files\microsoft visual studio 12.0\vc\include\stdio.h(356) : see declaration of 'sprintf'
\\psf\home\documents\stim-reloaded\game_1\graphics.c(1246): warning C4018: '<' : signed/unsigned mismatch
\\psf\home\documents\stim-reloaded\game_1\graphics.c(1268): warning C4996: 'getch': The POSIX name for this item is deprecated. Instead, use the ISO C++ conformant name: _getch. See online help for details.
          c:\program files\microsoft visual studio 12.0\vc\include\conio.h(131) : see declaration of 'getch'
\\psf\home\documents\stim-reloaded\game_1\graphics.c(1306): warning C4996: 'scanf': This function or variable may be unsafe. Consider using scanf_s instead. To disable deprecation, use _CRT_SECURE_NO_WARNINGS. See online help for details.
          c:\program files\microsoft visual studio 12.0\vc\include\stdio.h(283) : see declaration of 'scanf'
\\psf\home\documents\stim-reloaded\game_1\graphics.c(1307): warning C4013: 'clear_buffer' undefined; assuming extern returning int
\\psf\home\documents\stim-reloaded\game_1\graphics.c(1316): warning C4013: 'removeItem' undefined; assuming extern returning int
\\psf\home\documents\stim-reloaded\game_1\graphics.c(1056): warning C4101: 'k' : unreferenced local variable
\\psf\home\documents\stim-reloaded\game_1\graphics.c(1340): warning C4101: 'i' : unreferenced local variable
\\psf\home\documents\stim-reloaded\game_1\graphics.c(1399): warning C4996: 'sprintf': This function or variable may be unsafe. Consider using sprintf_s instead. To disable deprecation, use _CRT_SECURE_NO_WARNINGS. See online help for details.
          c:\program files\microsoft visual studio 12.0\vc\include\stdio.h(356) : see declaration of 'sprintf'
\\psf\home\documents\stim-reloaded\game_1\graphics.c(1400): warning C4018: '<' : signed/unsigned mismatch
\\psf\home\documents\stim-reloaded\game_1\graphics.c(1403): warning C4996: 'sprintf': This function or variable may be unsafe. Consider using sprintf_s instead. To disable deprecation, use _CRT_SECURE_NO_WARNINGS. See online help for details.
          c:\program files\microsoft visual studio 12.0\vc\include\stdio.h(356) : see declaration of 'sprintf'
\\psf\home\documents\stim-reloaded\game_1\graphics.c(1404): warning C4018: '<' : signed/unsigned mismatch
\\psf\home\documents\stim-reloaded\game_1\graphics.c(1407): warning C4996: 'sprintf': This function or variable may be unsafe. Consider using sprintf_s instead. To disable deprecation, use _CRT_SECURE_NO_WARNINGS. See online help for details.
          c:\program files\microsoft visual studio 12.0\vc\include\stdio.h(356) : see declaration of 'sprintf'
\\psf\home\documents\stim-reloaded\game_1\graphics.c(1408): warning C4018: '<' : signed/unsigned mismatch
\\psf\home\documents\stim-reloaded\game_1\graphics.c(1420): warning C4996: 'getch': The POSIX name for this item is deprecated. Instead, use the ISO C++ conformant name: _getch. See online help for details.
          c:\program files\microsoft visual studio 12.0\vc\include\conio.h(131) : see declaration of 'getch'
\\psf\home\documents\stim-reloaded\game_1\graphics.c(1495): warning C4996: 'sprintf': This function or variable may be unsafe. Consider using sprintf_s instead. To disable deprecation, use _CRT_SECURE_NO_WARNINGS. See online help for details.
          c:\program files\microsoft visual studio 12.0\vc\include\stdio.h(356) : see declaration of 'sprintf'
\\psf\home\documents\stim-reloaded\game_1\graphics.c(1496): warning C4018: '<' : signed/unsigned mismatch
\\psf\home\documents\stim-reloaded\game_1\graphics.c(1504): warning C4996: 'sprintf': This function or variable may be unsafe. Consider using sprintf_s instead. To disable deprecation, use _CRT_SECURE_NO_WARNINGS. See online help for details.
          c:\program files\microsoft visual studio 12.0\vc\include\stdio.h(356) : see declaration of 'sprintf'
\\psf\home\documents\stim-reloaded\game_1\graphics.c(1507): warning C4996: 'sprintf': This function or variable may be unsafe. Consider using sprintf_s instead. To disable deprecation, use _CRT_SECURE_NO_WARNINGS. See online help for details.
          c:\program files\microsoft visual studio 12.0\vc\include\stdio.h(356) : see declaration of 'sprintf'
\\psf\home\documents\stim-reloaded\game_1\graphics.c(1510): warning C4996: 'sprintf': This function or variable may be unsafe. Consider using sprintf_s instead. To disable deprecation, use _CRT_SECURE_NO_WARNINGS. See online help for details.
          c:\program files\microsoft visual studio 12.0\vc\include\stdio.h(356) : see declaration of 'sprintf'
\\psf\home\documents\stim-reloaded\game_1\graphics.c(1513): warning C4996: 'sprintf': This function or variable may be unsafe. Consider using sprintf_s instead. To disable deprecation, use _CRT_SECURE_NO_WARNINGS. See online help for details.
          c:\program files\microsoft visual studio 12.0\vc\include\stdio.h(356) : see declaration of 'sprintf'
\\psf\home\documents\stim-reloaded\game_1\graphics.c(1516): warning C4018: '<' : signed/unsigned mismatch
\\psf\home\documents\stim-reloaded\game_1\graphics.c(1521): warning C4996: 'sprintf': This function or variable may be unsafe. Consider using sprintf_s instead. To disable deprecation, use _CRT_SECURE_NO_WARNINGS. See online help for details.
          c:\program files\microsoft visual studio 12.0\vc\include\stdio.h(356) : see declaration of 'sprintf'
\\psf\home\documents\stim-reloaded\game_1\graphics.c(1522): warning C4018: '<' : signed/unsigned mismatch
\\psf\home\documents\stim-reloaded\game_1\graphics.c(1527): warning C4996: 'sprintf': This function or variable may be unsafe. Consider using sprintf_s instead. To disable deprecation, use _CRT_SECURE_NO_WARNINGS. See online help for details.
          c:\program files\microsoft visual studio 12.0\vc\include\stdio.h(356) : see declaration of 'sprintf'
\\psf\home\documents\stim-reloaded\game_1\graphics.c(1528): warning C4018: '<' : signed/unsigned mismatch
\\psf\home\documents\stim-reloaded\game_1\graphics.c(1533): warning C4996: 'sprintf': This function or variable may be unsafe. Consider using sprintf_s instead. To disable deprecation, use _CRT_SECURE_NO_WARNINGS. See online help for details.
          c:\program files\microsoft visual studio 12.0\vc\include\stdio.h(356) : see declaration of 'sprintf'
\\psf\home\documents\stim-reloaded\game_1\graphics.c(1534): warning C4018: '<' : signed/unsigned mismatch
\\psf\home\documents\stim-reloaded\game_1\graphics.c(1539): warning C4996: 'sprintf': This function or variable may be unsafe. Consider using sprintf_s instead. To disable deprecation, use _CRT_SECURE_NO_WARNINGS. See online help for details.
          c:\program files\microsoft visual studio 12.0\vc\include\stdio.h(356) : see declaration of 'sprintf'
\\psf\home\documents\stim-reloaded\game_1\graphics.c(1540): warning C4018: '<' : signed/unsigned mismatch
\\psf\home\documents\stim-reloaded\game_1\graphics.c(1545): warning C4996: 'sprintf': This function or variable may be unsafe. Consider using sprintf_s instead. To disable deprecation, use _CRT_SECURE_NO_WARNINGS. See online help for details.
          c:\program files\microsoft visual studio 12.0\vc\include\stdio.h(356) : see declaration of 'sprintf'
\\psf\home\documents\stim-reloaded\game_1\graphics.c(1546): warning C4018: '<' : signed/unsigned mismatch
\\psf\home\documents\stim-reloaded\game_1\graphics.c(1551): warning C4996: 'sprintf': This function or variable may be unsafe. Consider using sprintf_s instead. To disable deprecation, use _CRT_SECURE_NO_WARNINGS. See online help for details.
          c:\program files\microsoft visual studio 12.0\vc\include\stdio.h(356) : see declaration of 'sprintf'
\\psf\home\documents\stim-reloaded\game_1\graphics.c(1552): warning C4018: '<' : signed/unsigned mismatch
\\psf\home\documents\stim-reloaded\game_1\graphics.c(1557): warning C4996: 'sprintf': This function or variable may be unsafe. Consider using sprintf_s instead. To disable deprecation, use _CRT_SECURE_NO_WARNINGS. See online help for details.
          c:\program files\microsoft visual studio 12.0\vc\include\stdio.h(356) : see declaration of 'sprintf'
\\psf\home\documents\stim-reloaded\game_1\graphics.c(1558): warning C4018: '<' : signed/unsigned mismatch
\\psf\home\documents\stim-reloaded\game_1\graphics.c(1563): warning C4996: 'sprintf': This function or variable may be unsafe. Consider using sprintf_s instead. To disable deprecation, use _CRT_SECURE_NO_WARNINGS. See online help for details.
          c:\program files\microsoft visual studio 12.0\vc\include\stdio.h(356) : see declaration of 'sprintf'
\\psf\home\documents\stim-reloaded\game_1\graphics.c(1564): warning C4018: '<' : signed/unsigned mismatch
\\psf\home\documents\stim-reloaded\game_1\graphics.c(1569): warning C4996: 'sprintf': This function or variable may be unsafe. Consider using sprintf_s instead. To disable deprecation, use _CRT_SECURE_NO_WARNINGS. See online help for details.
          c:\program files\microsoft visual studio 12.0\vc\include\stdio.h(356) : see declaration of 'sprintf'
\\psf\home\documents\stim-reloaded\game_1\graphics.c(1570): warning C4018: '<' : signed/unsigned mismatch
\\psf\home\documents\stim-reloaded\game_1\graphics.c(1576): warning C4996: 'getch': The POSIX name for this item is deprecated. Instead, use the ISO C++ conformant name: _getch. See online help for details.
          c:\program files\microsoft visual studio 12.0\vc\include\conio.h(131) : see declaration of 'getch'
\\psf\home\documents\stim-reloaded\game_1\graphics.c(1587): warning C4996: 'fopen': This function or variable may be unsafe. Consider using fopen_s instead. To disable deprecation, use _CRT_SECURE_NO_WARNINGS. See online help for details.
          c:\program files\microsoft visual studio 12.0\vc\include\stdio.h(211) : see declaration of 'fopen'
\\psf\home\documents\stim-reloaded\game_1\graphics.c(1593): warning C4996: 'sprintf': This function or variable may be unsafe. Consider using sprintf_s instead. To disable deprecation, use _CRT_SECURE_NO_WARNINGS. See online help for details.
          c:\program files\microsoft visual studio 12.0\vc\include\stdio.h(356) : see declaration of 'sprintf'
\\psf\home\documents\stim-reloaded\game_1\graphics.c(1594): warning C4018: '<' : signed/unsigned mismatch
\\psf\home\documents\stim-reloaded\game_1\graphics.c(1597): warning C4996: 'sprintf': This function or variable may be unsafe. Consider using sprintf_s instead. To disable deprecation, use _CRT_SECURE_NO_WARNINGS. See online help for details.
          c:\program files\microsoft visual studio 12.0\vc\include\stdio.h(356) : see declaration of 'sprintf'
\\psf\home\documents\stim-reloaded\game_1\graphics.c(1598): warning C4018: '<' : signed/unsigned mismatch
\\psf\home\documents\stim-reloaded\game_1\graphics.c(1601): warning C4996: 'sprintf': This function or variable may be unsafe. Consider using sprintf_s instead. To disable deprecation, use _CRT_SECURE_NO_WARNINGS. See online help for details.
          c:\program files\microsoft visual studio 12.0\vc\include\stdio.h(356) : see declaration of 'sprintf'
\\psf\home\documents\stim-reloaded\game_1\graphics.c(1602): warning C4018: '<' : signed/unsigned mismatch
\\psf\home\documents\stim-reloaded\game_1\graphics.c(1614): warning C4996: 'getch': The POSIX name for this item is deprecated. Instead, use the ISO C++ conformant name: _getch. See online help for details.
          c:\program files\microsoft visual studio 12.0\vc\include\conio.h(131) : see declaration of 'getch'
\\psf\home\documents\stim-reloaded\game_1\graphics.c(1581): warning C4101: 'k' : unreferenced local variable
\\psf\home\documents\stim-reloaded\game_1\graphics.c(1661): warning C4996: 'fopen': This function or variable may be unsafe. Consider using fopen_s instead. To disable deprecation, use _CRT_SECURE_NO_WARNINGS. See online help for details.
          c:\program files\microsoft visual studio 12.0\vc\include\stdio.h(211) : see declaration of 'fopen'
\\psf\home\documents\stim-reloaded\game_1\graphics.c(1731): warning C4996: 'fopen': This function or variable may be unsafe. Consider using fopen_s instead. To disable deprecation, use _CRT_SECURE_NO_WARNINGS. See online help for details.
          c:\program files\microsoft visual studio 12.0\vc\include\stdio.h(211) : see declaration of 'fopen'
\\psf\home\documents\stim-reloaded\game_1\graphics.c(1733): warning C4996: 'fscanf': This function or variable may be unsafe. Consider using fscanf_s instead. To disable deprecation, use _CRT_SECURE_NO_WARNINGS. See online help for details.
          c:\program files\microsoft visual studio 12.0\vc\include\stdio.h(230) : see declaration of 'fscanf'
\\psf\home\documents\stim-reloaded\game_1\graphics.c(1735): warning C4996: 'fscanf': This function or variable may be unsafe. Consider using fscanf_s instead. To disable deprecation, use _CRT_SECURE_NO_WARNINGS. See online help for details.
          c:\program files\microsoft visual studio 12.0\vc\include\stdio.h(230) : see declaration of 'fscanf'
\\psf\home\documents\stim-reloaded\game_1\graphics.c(1736): warning C4996: 'fscanf': This function or variable may be unsafe. Consider using fscanf_s instead. To disable deprecation, use _CRT_SECURE_NO_WARNINGS. See online help for details.
          c:\program files\microsoft visual studio 12.0\vc\include\stdio.h(230) : see declaration of 'fscanf'
\\psf\home\documents\stim-reloaded\game_1\graphics.c(1737): warning C4996: 'fscanf': This function or variable may be unsafe. Consider using fscanf_s instead. To disable deprecation, use _CRT_SECURE_NO_WARNINGS. See online help for details.
          c:\program files\microsoft visual studio 12.0\vc\include\stdio.h(230) : see declaration of 'fscanf'
\\psf\home\documents\stim-reloaded\game_1\graphics.c(1738): warning C4996: 'fscanf': This function or variable may be unsafe. Consider using fscanf_s instead. To disable deprecation, use _CRT_SECURE_NO_WARNINGS. See online help for details.
          c:\program files\microsoft visual studio 12.0\vc\include\stdio.h(230) : see declaration of 'fscanf'
\\psf\home\documents\stim-reloaded\game_1\graphics.c(1739): warning C4996: 'fscanf': This function or variable may be unsafe. Consider using fscanf_s instead. To disable deprecation, use _CRT_SECURE_NO_WARNINGS. See online help for details.
          c:\program files\microsoft visual studio 12.0\vc\include\stdio.h(230) : see declaration of 'fscanf'
\\psf\home\documents\stim-reloaded\game_1\graphics.c(1740): warning C4996: 'fscanf': This function or variable may be unsafe. Consider using fscanf_s instead. To disable deprecation, use _CRT_SECURE_NO_WARNINGS. See online help for details.
          c:\program files\microsoft visual studio 12.0\vc\include\stdio.h(230) : see declaration of 'fscanf'
\\psf\home\documents\stim-reloaded\game_1\graphics.c(1741): warning C4996: 'fscanf': This function or variable may be unsafe. Consider using fscanf_s instead. To disable deprecation, use _CRT_SECURE_NO_WARNINGS. See online help for details.
          c:\program files\microsoft visual studio 12.0\vc\include\stdio.h(230) : see declaration of 'fscanf'
\\psf\home\documents\stim-reloaded\game_1\graphics.c(1742): warning C4996: 'fscanf': This function or variable may be unsafe. Consider using fscanf_s instead. To disable deprecation, use _CRT_SECURE_NO_WARNINGS. See online help for details.
          c:\program files\microsoft visual studio 12.0\vc\include\stdio.h(230) : see declaration of 'fscanf'
\\psf\home\documents\stim-reloaded\game_1\graphics.c(1743): warning C4996: 'fscanf': This function or variable may be unsafe. Consider using fscanf_s instead. To disable deprecation, use _CRT_SECURE_NO_WARNINGS. See online help for details.
          c:\program files\microsoft visual studio 12.0\vc\include\stdio.h(230) : see declaration of 'fscanf'
\\psf\home\documents\stim-reloaded\game_1\graphics.c(1744): warning C4996: 'fscanf': This function or variable may be unsafe. Consider using fscanf_s instead. To disable deprecation, use _CRT_SECURE_NO_WARNINGS. See online help for details.
          c:\program files\microsoft visual studio 12.0\vc\include\stdio.h(230) : see declaration of 'fscanf'
\\psf\home\documents\stim-reloaded\game_1\graphics.c(1745): warning C4996: 'fscanf': This function or variable may be unsafe. Consider using fscanf_s instead. To disable deprecation, use _CRT_SECURE_NO_WARNINGS. See online help for details.
          c:\program files\microsoft visual studio 12.0\vc\include\stdio.h(230) : see declaration of 'fscanf'
\\psf\home\documents\stim-reloaded\game_1\graphics.c(1746): warning C4996: 'fscanf': This function or variable may be unsafe. Consider using fscanf_s instead. To disable deprecation, use _CRT_SECURE_NO_WARNINGS. See online help for details.
          c:\program files\microsoft visual studio 12.0\vc\include\stdio.h(230) : see declaration of 'fscanf'
\\psf\home\documents\stim-reloaded\game_1\graphics.c(1747): warning C4996: 'fscanf': This function or variable may be unsafe. Consider using fscanf_s instead. To disable deprecation, use _CRT_SECURE_NO_WARNINGS. See online help for details.
          c:\program files\microsoft visual studio 12.0\vc\include\stdio.h(230) : see declaration of 'fscanf'
\\psf\home\documents\stim-reloaded\game_1\graphics.c(1762): warning C4996: 'fscanf': This function or variable may be unsafe. Consider using fscanf_s instead. To disable deprecation, use _CRT_SECURE_NO_WARNINGS. See online help for details.
          c:\program files\microsoft visual studio 12.0\vc\include\stdio.h(230) : see declaration of 'fscanf'
\\psf\home\documents\stim-reloaded\game_1\graphics.c(1769): warning C4996: 'fscanf': This function or variable may be unsafe. Consider using fscanf_s instead. To disable deprecation, use _CRT_SECURE_NO_WARNINGS. See online help for details.
          c:\program files\microsoft visual studio 12.0\vc\include\stdio.h(230) : see declaration of 'fscanf'
\\psf\home\documents\stim-reloaded\game_1\graphics.c(1770): warning C4020: 'strcmp' : too many actual parameters
\\psf\home\documents\stim-reloaded\game_1\graphics.c(1772): warning C4996: 'fscanf': This function or variable may be unsafe. Consider using fscanf_s instead. To disable deprecation, use _CRT_SECURE_NO_WARNINGS. See online help for details.
          c:\program files\microsoft visual studio 12.0\vc\include\stdio.h(230) : see declaration of 'fscanf'
\\psf\home\documents\stim-reloaded\game_1\graphics.c(1780): warning C4020: 'strcmp' : too many actual parameters
\\psf\home\documents\stim-reloaded\game_1\graphics.c(1782): warning C4996: 'fscanf': This function or variable may be unsafe. Consider using fscanf_s instead. To disable deprecation, use _CRT_SECURE_NO_WARNINGS. See online help for details.
          c:\program files\microsoft visual studio 12.0\vc\include\stdio.h(230) : see declaration of 'fscanf'
\\psf\home\documents\stim-reloaded\game_1\graphics.c(1792): warning C4996: 'fscanf': This function or variable may be unsafe. Consider using fscanf_s instead. To disable deprecation, use _CRT_SECURE_NO_WARNINGS. See online help for details.
          c:\program files\microsoft visual studio 12.0\vc\include\stdio.h(230) : see declaration of 'fscanf'
\\psf\home\documents\stim-reloaded\game_1\graphics.c(1794): warning C4996: 'fscanf': This function or variable may be unsafe. Consider using fscanf_s instead. To disable deprecation, use _CRT_SECURE_NO_WARNINGS. See online help for details.
          c:\program files\microsoft visual studio 12.0\vc\include\stdio.h(230) : see declaration of 'fscanf'
\\psf\home\documents\stim-reloaded\game_1\graphics.c(1795): warning C4047: '=' : 'Enemy' differs in levels of indirection from 'int'
\\psf\home\documents\stim-reloaded\game_1\graphics.c(1797): warning C4996: 'fscanf': This function or variable may be unsafe. Consider using fscanf_s instead. To disable deprecation, use _CRT_SECURE_NO_WARNINGS. See online help for details.
          c:\program files\microsoft visual studio 12.0\vc\include\stdio.h(230) : see declaration of 'fscanf'
\\psf\home\documents\stim-reloaded\game_1\graphics.c(1798): warning C4996: 'fscanf': This function or variable may be unsafe. Consider using fscanf_s instead. To disable deprecation, use _CRT_SECURE_NO_WARNINGS. See online help for details.
          c:\program files\microsoft visual studio 12.0\vc\include\stdio.h(230) : see declaration of 'fscanf'
\\psf\home\documents\stim-reloaded\game_1\graphics.c(1799): warning C4996: 'fscanf': This function or variable may be unsafe. Consider using fscanf_s instead. To disable deprecation, use _CRT_SECURE_NO_WARNINGS. See online help for details.
          c:\program files\microsoft visual studio 12.0\vc\include\stdio.h(230) : see declaration of 'fscanf'
\\psf\home\documents\stim-reloaded\game_1\graphics.c(1802): warning C4996: 'fscanf': This function or variable may be unsafe. Consider using fscanf_s instead. To disable deprecation, use _CRT_SECURE_NO_WARNINGS. See online help for details.
          c:\program files\microsoft visual studio 12.0\vc\include\stdio.h(230) : see declaration of 'fscanf'
\\psf\home\documents\stim-reloaded\game_1\graphics.c(1805): warning C4996: 'fscanf': This function or variable may be unsafe. Consider using fscanf_s instead. To disable deprecation, use _CRT_SECURE_NO_WARNINGS. See online help for details.
          c:\program files\microsoft visual studio 12.0\vc\include\stdio.h(230) : see declaration of 'fscanf'
\\psf\home\documents\stim-reloaded\game_1\graphics.c(1806): warning C4996: 'fscanf': This function or variable may be unsafe. Consider using fscanf_s instead. To disable deprecation, use _CRT_SECURE_NO_WARNINGS. See online help for details.
          c:\program files\microsoft visual studio 12.0\vc\include\stdio.h(230) : see declaration of 'fscanf'
\\psf\home\documents\stim-reloaded\game_1\graphics.c(1815): warning C4101: 'i' : unreferenced local variable
\\psf\home\documents\stim-reloaded\game_1\graphics.c(1815): warning C4101: 'k' : unreferenced local variable
\\psf\home\documents\stim-reloaded\game_1\graphics.c(1815): warning C4101: 'l' : unreferenced local variable
\\psf\home\documents\stim-reloaded\game_1\graphics.c(1815): warning C4101: 'j' : unreferenced local variable
\\psf\home\documents\stim-reloaded\game_1\graphics.c(372): warning C4715: 'titleScreen' : not all control paths return a value
Link:
  C:\Program Files\Microsoft Visual Studio 12.0\VC\bin\link.exe /ERRORREPORT:PROMPT /OUT:"\\psf\Home\Documents\STim-Reloaded\Debug\Game_1.exe" /INCREMENTAL /NOLOGO kernel32.lib user32.lib gdi32.lib winspool.lib comdlg32.lib advapi32.lib shell32.lib ole32.lib oleaut32.lib uuid.lib odbc32.lib odbccp32.lib /MANIFEST /MANIFESTUAC:"level='asInvoker' uiAccess='false'" /manifest:embed /DEBUG /PDB:"\\psf\Home\Documents\STim-Reloaded\Debug\Game_1.pdb" /SUBSYSTEM:CONSOLE /TLBID:1 /DYNAMICBASE /NXCOMPAT /IMPLIB:"\\psf\Home\Documents\STim-Reloaded\Debug\Game_1.lib" /MACHINE:X86 Debug\Graphics.obj
  Debug\InventoryLinkedList.obj
  Debug\Stim.obj
  Game_1.vcxproj -> \\psf\Home\Documents\STim-Reloaded\Debug\Game_1.exe
Done Building Project "\\psf\Home\Documents\STim-Reloaded\Game_1\Game_1.vcxproj" (Build target(s)).

Build succeeded.

Time Elapsed 00:00:01.80
